Flutter crash report.
Please report a bug at https://github.com/flutter/flutter/issues.

## command

flutter run

## exception

_TypeError: Null check operator used on a null value

```
#0      ResidentHandlers.debugDumpFocusTree (package:flutter_tools/src/resident_runner.dart:769:62)
#1      TerminalHandler._commonTerminalInputHandler (package:flutter_tools/src/resident_runner.dart:1804:31)
#2      TerminalHandler.processTerminalInput (package:flutter_tools/src/resident_runner.dart:1906:13)
#3      _rootRunUnary (dart:async/zone_root.dart:48:47)
#4      _CustomZone.runUnary (dart:async/zone.dart:733:19)
#5      _CustomZone.runUnaryGuarded (dart:async/zone.dart:633:7)
#6      _BufferingStreamSubscription._sendData (dart:async/stream_impl.dart:381:11)
#7      _BufferingStreamSubscription._add (dart:async/stream_impl.dart:312:7)
#8      _SyncBroadcastStreamController._sendData (dart:async/broadcast_stream_controller.dart:385:25)
#9      _BroadcastStreamController.add (dart:async/broadcast_stream_controller.dart:257:5)
#10     _AsBroadcastStreamController.add (dart:async/broadcast_stream_controller.dart:488:11)
#11     _rootRunUnary (dart:async/zone_root.dart:48:47)
#12     _CustomZone.runUnary (dart:async/zone.dart:733:19)
#13     _CustomZone.runUnaryGuarded (dart:async/zone.dart:633:7)
#14     _BufferingStreamSubscription._sendData (dart:async/stream_impl.dart:381:11)
#15     _BufferingStreamSubscription._add (dart:async/stream_impl.dart:312:7)
#16     _SinkTransformerStreamSubscription._add (dart:async/stream_transformers.dart:67:11)
#17     _EventSinkWrapper.add (dart:async/stream_transformers.dart:13:11)
#18     _StringAdapterSink.add (dart:convert/string_conversion.dart:228:11)
#19     _StringAdapterSink.addSlice (dart:convert/string_conversion.dart:233:7)
#20     _Utf8ConversionSink.addSlice (dart:convert/string_conversion.dart:313:20)
#21     _ErrorHandlingAsciiDecoderSink.addSlice (dart:convert/ascii.dart:285:17)
#22     _ErrorHandlingAsciiDecoderSink.add (dart:convert/ascii.dart:271:5)
#23     _ConverterStreamEventSink.add (dart:convert/chunked_conversion.dart:70:18)
#24     _SinkTransformerStreamSubscription._handleData (dart:async/stream_transformers.dart:115:24)
#25     _rootRunUnary (dart:async/zone_root.dart:48:47)
#26     _CustomZone.runUnary (dart:async/zone.dart:733:19)
#27     _CustomZone.runUnaryGuarded (dart:async/zone.dart:633:7)
#28     _BufferingStreamSubscription._sendData (dart:async/stream_impl.dart:381:11)
#29     _BufferingStreamSubscription._add (dart:async/stream_impl.dart:312:7)
#30     _SyncStreamControllerDispatch._sendData (dart:async/stream_controller.dart:798:19)
#31     _StreamController._add (dart:async/stream_controller.dart:663:7)
#32     _StreamController.add (dart:async/stream_controller.dart:618:5)
#33     _Socket._onData (dart:io-patch/socket_patch.dart:2874:41)
#34     _rootRunUnary (dart:async/zone_root.dart:56:13)
#35     _CustomZone.runUnary (dart:async/zone.dart:733:19)
#36     _CustomZone.runUnaryGuarded (dart:async/zone.dart:633:7)
#37     _BufferingStreamSubscription._sendData (dart:async/stream_impl.dart:381:11)
#38     _BufferingStreamSubscription._add (dart:async/stream_impl.dart:312:7)
#39     _SyncStreamControllerDispatch._sendData (dart:async/stream_controller.dart:798:19)
#40     _StreamController._add (dart:async/stream_controller.dart:663:7)
#41     _StreamController.add (dart:async/stream_controller.dart:618:5)
#42     new _RawSocket.<anonymous closure> (dart:io-patch/socket_patch.dart:2312:31)
#43     _NativeSocket.issueReadEvent.issue (dart:io-patch/socket_patch.dart:1647:14)
#44     _microtaskLoop (dart:async/schedule_microtask.dart:40:35)
#45     _startMicrotaskLoop (dart:async/schedule_microtask.dart:49:5)
#46     _runPendingImmediateCallback (dart:isolate-patch/isolate_patch.dart:127:13)
#47     _RawReceivePort._handleMessage (dart:isolate-patch/isolate_patch.dart:194:5)
```

## flutter doctor

```
[32m[✓][39m Flutter (Channel stable, 3.41.0, on Microsoft Windows [Version 10.0.26200.7705], locale en-IN) [281ms]
    [32m•[39m Flutter version 3.41.0 on channel stable at D:\flutter
    [32m•[39m Upstream repository https://github.com/flutter/flutter.git
    [32m•[39m Framework revision 44a626f4f0 (4 days ago), 2026-02-10 10:16:12 -0800
    [32m•[39m Engine revision 3452d735bd
    [32m•[39m Dart version 3.11.0
    [32m•[39m DevTools version 2.54.1
    [32m•[39m Feature flags: enable-web, enable-linux-desktop, enable-macos-desktop, enable-windows-desktop, enable-android, enable-ios, cli-animations,
      enable-native-assets, omit-legacy-version-file, enable-lldb-debugging, enable-uiscene-migration

[32m[✓][39m Windows Version (11 Home Single Language 64-bit, 25H2, 2009) [729ms]

[31m[✗][39m Android toolchain - develop for Android devices [140ms]
    [31m✗[39m Unable to locate Android SDK.
      Install Android Studio from: https://developer.android.com/studio/index.html
      On first launch it will assist you in installing the Android SDK components.
      (or visit https://flutter.dev/to/windows-android-setup for detailed instructions).
      If the Android SDK has been installed to a custom location, please use
      `flutter config --android-sdk` to update to that location.


[32m[✓][39m Chrome - develop for the web [133ms]
    [32m•[39m Chrome at C:\Program Files\Google\Chrome\Application\chrome.exe

[32m[✓][39m Visual Studio - develop Windows apps (Visual Studio Community 2022 17.14.16) [132ms]
    [32m•[39m Visual Studio at C:\Program Files\Microsoft Visual Studio\2022\Community
    [32m•[39m Visual Studio Community 2022 version 17.14.36518.9
    [32m•[39m Windows 10 SDK version 10.0.26100.0

[32m[✓][39m Connected device (3 available) [10ms]
    [32m•[39m Windows (desktop) • windows • windows-x64    • Microsoft Windows [Version 10.0.26200.7705]
    [32m•[39m Chrome (web)      • chrome  • web-javascript • Google Chrome 144.0.7559.133
    [32m•[39m Edge (web)        • edge    • web-javascript • Microsoft Edge 144.0.3719.115

[32m[✓][39m Network resources [478ms]
    [32m•[39m All expected network resources are available.

[33m![39m Doctor found issues in 1 category.
```
